D:\GOOGLE DRIVE\MUSICBEE\RELEASE\MB_LOGITECHPLUGIN.PCH
D:\GOOGLE DRIVE\MUSICBEE\RELEASE\STDAFX.OBJ
D:\GOOGLE DRIVE\MUSICBEE\RELEASE\VC110.PDB
D:\GOOGLE DRIVE\MUSICBEE\RELEASE\DLLMAIN.OBJ
D:\GOOGLE DRIVE\MUSICBEE\RELEASE\LCDTEXT.OBJ
D:\GOOGLE DRIVE\MUSICBEE\RELEASE\LCDSTREAMINGTEXT.OBJ
D:\GOOGLE DRIVE\MUSICBEE\RELEASE\LCDSCROLLINGTEXT.OBJ
D:\GOOGLE DRIVE\MUSICBEE\RELEASE\LCDPROGRESSBAR.OBJ
D:\GOOGLE DRIVE\MUSICBEE\RELEASE\LCDPAGINATETEXT.OBJ
D:\GOOGLE DRIVE\MUSICBEE\RELEASE\LCDPAGE.OBJ
D:\GOOGLE DRIVE\MUSICBEE\RELEASE\LCDOUTPUT.OBJ
D:\GOOGLE DRIVE\MUSICBEE\RELEASE\LCDICON.OBJ
D:\GOOGLE DRIVE\MUSICBEE\RELEASE\LCDGFXMONO.OBJ
D:\GOOGLE DRIVE\MUSICBEE\RELEASE\LCDGFXCOLOR.OBJ
D:\GOOGLE DRIVE\MUSICBEE\RELEASE\LCDGFXBASE.OBJ
D:\GOOGLE DRIVE\MUSICBEE\RELEASE\LCDCONNECTION.OBJ
D:\GOOGLE DRIVE\MUSICBEE\RELEASE\LCDCOLORTEXT.OBJ
D:\GOOGLE DRIVE\MUSICBEE\RELEASE\LCDCOLORPROGRESSBAR.OBJ
D:\GOOGLE DRIVE\MUSICBEE\RELEASE\LCDCOLLECTION.OBJ
D:\GOOGLE DRIVE\MUSICBEE\RELEASE\LCDBASE.OBJ
D:\GOOGLE DRIVE\MUSICBEE\RELEASE\LCDANIMATEDBITMAP.OBJ
D:\GOOGLE DRIVE\MUSICBEE\RELEASE\EZ_LCD_PAGE.OBJ
D:\GOOGLE DRIVE\MUSICBEE\RELEASE\EZ_LCD.OBJ
D:\GOOGLE DRIVE\MUSICBEE\RELEASE\LOGITECH.OBJ
D:\GOOGLE DRIVE\MUSICBEE\RELEASE\LOGITECHPLUGIN.OBJ
D:\GOOGLE DRIVE\MUSICBEE\RELEASE\LCDSKINNEDPROGRESSBAR.OBJ
D:\GOOGLE DRIVE\MUSICBEE\RELEASE\LCDPOPUP.OBJ
D:\GOOGLE DRIVE\MUSICBEE\RELEASE\LCDBITMAP.OBJ
D:\GOOGLE DRIVE\MUSICBEE\RELEASE\MB_LOGITECHPLUGIN.DLL
D:\GOOGLE DRIVE\MUSICBEE\RELEASE\MB_LOGITECHPLUGIN.PDB
D:\Google Drive\MusicBee\Release\mb_LogitechPlugin.lib
D:\Google Drive\MusicBee\Release\mb_LogitechPlugin.exp
D:\GOOGLE DRIVE\MUSICBEE\RELEASE\LOGITECHPLUGIN.RES
D:\Google Drive\MusicBee\Release\dllmain.obj
D:\Google Drive\MusicBee\Release\EZ_LCD.obj
D:\Google Drive\MusicBee\Release\EZ_LCD_Page.obj
D:\Google Drive\MusicBee\Release\LCDAnimatedBitmap.obj
D:\Google Drive\MusicBee\Release\LCDBase.obj
D:\Google Drive\MusicBee\Release\LCDBitmap.obj
D:\Google Drive\MusicBee\Release\LCDCollection.obj
D:\Google Drive\MusicBee\Release\LCDColorProgressBar.obj
D:\Google Drive\MusicBee\Release\LCDColorText.obj
D:\Google Drive\MusicBee\Release\LCDConnection.obj
D:\Google Drive\MusicBee\Release\LCDGfxBase.obj
D:\Google Drive\MusicBee\Release\LCDGfxColor.obj
D:\Google Drive\MusicBee\Release\LCDGfxMono.obj
D:\Google Drive\MusicBee\Release\LCDIcon.obj
D:\Google Drive\MusicBee\Release\LCDOutput.obj
D:\Google Drive\MusicBee\Release\LCDPage.obj
D:\Google Drive\MusicBee\Release\LCDPaginateText.obj
D:\Google Drive\MusicBee\Release\LCDPopup.obj
D:\Google Drive\MusicBee\Release\LCDProgressBar.obj
D:\Google Drive\MusicBee\Release\LCDScrollingText.obj
D:\Google Drive\MusicBee\Release\LCDSkinnedProgressBar.obj
D:\Google Drive\MusicBee\Release\LCDStreamingText.obj
D:\Google Drive\MusicBee\Release\LCDText.obj
D:\Google Drive\MusicBee\Release\Logitech.obj
D:\Google Drive\MusicBee\Release\LogitechPlugin.obj
D:\Google Drive\MusicBee\Release\stdafx.obj
D:\Google Drive\MusicBee\Release\cl.command.1.tlog
D:\Google Drive\MusicBee\Release\CL.read.1.tlog
D:\Google Drive\MusicBee\Release\CL.write.1.tlog
D:\Google Drive\MusicBee\Release\link-cvtres.read.1.tlog
D:\Google Drive\MusicBee\Release\link-cvtres.write.1.tlog
D:\Google Drive\MusicBee\Release\link-rc.read.1.tlog
D:\Google Drive\MusicBee\Release\link-rc.write.1.tlog
D:\Google Drive\MusicBee\Release\link.command.1.tlog
D:\Google Drive\MusicBee\Release\link.read.1.tlog
D:\Google Drive\MusicBee\Release\link.write.1.tlog
D:\Google Drive\MusicBee\Release\mb_LogitechPlugin.write.1.tlog
D:\Google Drive\MusicBee\Release\rc.command.1.tlog
D:\Google Drive\MusicBee\Release\rc.read.1.tlog
D:\Google Drive\MusicBee\Release\rc.write.1.tlog
D:\Google Drive\MusicBee\Release\LogitechPlugin.res
D:\Google Drive\MusicBee\Release\mb_LogitechPlugin.pch
D:\Google Drive\MusicBee\Release\mb_LogitechPlugin.pdb
D:\Google Drive\MusicBee\Release\vc110.pdb
D:\Google Drive\MusicBee\Release\mb_LogitechPlugin.dll
